  run year index     sng      sdg      sdc       og       rt      pop     area    edges clusters    xmean    ymean      rad    slope  cl_size   diffus   spread    breed  slp_res  rd_grav   %urban    %road grw_rate leesalee  grw_pix 
    0 1991  0     133.32     2.56     0.00  1718.98     1.69 139926.55 139926.55 23174.93   519.33   291.74   344.22   211.05     3.12   268.56    63.00    25.00     1.00    74.00    97.00    90.96     0.00     1.33     0.99  1856.55 
    0 1992  0     173.41     3.63     0.00  2263.29     2.02 142368.90 142368.90 23859.98   850.33   291.71   344.15   212.88     3.12   166.87    79.25    31.45     1.26    66.18    97.78    91.84     0.00     1.72     0.99  2442.35 
    0 1993  0     215.65     4.15     0.00  3044.74     2.26 145635.70 145635.70 24641.45  1215.74   291.66   344.07   215.31     3.12   119.28    97.28    40.81     1.63    57.08    98.69    93.00     0.00     2.24     0.99  3266.80 
    0 1994  0     224.36     4.65     0.00  3290.08     2.02 149156.81 149156.81 25321.75  1529.93   291.59   343.99   217.89     3.13    96.90    99.82    42.15     1.69    47.78    99.62    94.26     0.00     2.36     0.99  3521.11 
    0 1995  0     230.09     4.25     0.00  3435.06     1.98 152828.19 152828.19 25880.69  1805.05   291.49   343.92   220.56     3.14    84.06   100.00    42.25     1.69    38.36    99.96    95.58     0.00     2.40     0.99  3671.38 
    0 1996  0     234.95     4.44     0.00  3569.02     1.72 156638.32 156638.32 26267.26  2045.20   291.39   343.85   223.29     3.15    75.95   100.00    42.25     1.69    28.80   100.00    96.94     0.00     2.43     0.99  3810.13 
    0 1997  0     238.64     4.86     0.00  3694.23     2.18 160578.23 160578.23 26491.71  2259.30   291.25   343.80   226.08     3.16    70.55   100.00    42.25     1.69    19.11   100.00    98.35     0.00     2.45     0.99  3939.91 
    0 1998  0     246.34     4.77     0.00  3810.89     2.15 164642.38 164642.38 26557.67  2456.00   291.09   343.76   228.93     3.18    66.42   100.00    42.25     1.69     9.27   100.00    99.80     0.00     2.47     0.99  4064.15 
    0 1999  0     249.40     4.83     0.00  3868.54     2.21 168767.36 168767.36 26485.08  2636.81   290.92   343.73   231.78     3.20    63.34   100.00    42.25     1.69     1.99   100.00   101.28     0.00     2.44     0.99  4124.98 
    0 2000  0     245.86     4.63     0.00  3827.64     2.10 172847.59 172847.59 26272.46  2801.12   290.75   343.74   234.56     3.21    61.09   100.00    42.25     1.69     1.06   100.00   102.74     0.00     2.36     1.00  4080.23 
    0 2001  0     240.83     4.62     0.00  3732.55     2.23 176827.82 176827.82 25991.21  2959.62   290.61   343.76   237.25     3.23    59.18   100.00    42.25     1.69     1.00   100.00   104.16     0.00     2.25     1.00  3980.23 
    0 2002  0     237.76     4.68     0.00  3650.54     2.42 180723.22 180723.22 25649.42  3105.53   290.49   343.80   239.85     3.25    57.55   100.00    42.25     1.69     1.00   100.00   105.55     0.00     2.16     1.00  3895.40 
    0 2003  0     233.52     4.51     0.00  3562.20     1.95 184525.40 184525.40 25280.82  3248.08   290.40   343.85   242.36     3.27    56.21   100.00    42.25     1.69     1.00   100.00   106.91     0.00     2.06     1.00  3802.18 
    0 2004  0     228.07     4.78     0.00  3460.78     2.34 188221.37 188221.37 24923.03  3379.32   290.33   343.92   244.77     3.28    55.13   100.00    42.25     1.69     1.00   100.00   108.24     0.00     1.96     1.00  3695.97 
    0 2005  0     223.98     4.47     0.00  3389.32     1.97 191841.11 191841.11 24553.78  3508.74   290.27   344.00   247.11     3.30    54.12   100.00    42.25     1.69     1.00   100.00   109.53     0.00     1.89     1.00  3619.74 
    0 2006  0     222.35     4.32     0.00  3315.25     2.24 195385.27 195385.27 24220.76  3633.13   290.23   344.08   249.38     3.31    53.17   100.00    42.25     1.69     1.00   100.00   110.80     0.00     1.81     1.00  3544.16 
    0 2007  0     217.81     3.71     0.00  3230.31     2.16 198839.26 198839.26 23890.72  3749.88   290.20   344.18   251.58     3.32    52.39   100.00    42.25     1.69     1.00   100.00   112.03     0.00     1.74     1.00  3453.99 
    0 2008  0     213.75     3.83     0.00  3163.12     2.21 202222.17 202222.17 23598.66  3861.98   290.19   344.28   253.71     3.34    51.72   100.00    42.25     1.69     1.00   100.00   113.24     0.00     1.67     1.00  3382.91 
    0 2009  0     210.22     4.36     0.00  3098.52     2.26 205537.53 205537.53 23363.15  3968.39   290.19   344.38   255.78     3.35    51.22   100.00    42.25     1.69     1.00   100.00   114.43     0.00     1.61     1.00  3315.36 
    0 2010  0     205.64     4.05     0.00  3042.34     2.20 208791.76 208791.76 23134.67  4068.80   290.21   344.48   257.80     3.36    50.70   100.00    42.25     1.69     1.00   100.00   115.59     0.00     1.56     1.00  3254.23 
    0 2011  0     202.58     4.17     0.00  2990.23     2.15 211990.89 211990.89 22936.02  4168.70   290.25   344.56   259.77     3.37    50.25   100.00    42.25     1.69     1.00   100.00   116.74     0.00     1.51     1.00  3199.13 
    0 2012  0     198.88     3.57     0.00  2937.97     1.87 215133.18 215133.18 22772.33  4264.61   290.29   344.66   261.68     3.38    49.86   100.00    42.25     1.69     1.00   100.00   117.86     0.00     1.46     1.00  3142.29 
    0 2013  0     194.62     3.94     0.00  2908.10     1.95 218241.79 218241.79 22616.75  4349.30   290.35   344.74   263.57     3.39    49.50   100.00    42.25     1.69     1.00   100.00   118.97     0.00     1.42     1.00  3108.61 
    0 2014  0     192.28     3.62     0.00  2858.94     1.96 221298.59 221298.59 22491.42  4433.36   290.43   344.82   265.41     3.40    49.30   100.00    42.25     1.69     1.00   100.00   120.07     0.00     1.38     1.00  3056.80 
    0 2015  0     188.05     3.20     0.00  2831.26     2.20 224323.30 224323.30 22383.50  4508.38   290.51   344.89   267.22     3.40    49.14   100.00    42.25     1.69     1.00   100.00   121.15     0.00     1.35     1.00  3024.71 
    0 2016  0     186.07     3.31     0.00  2806.06     1.74 227320.48 227320.48 22294.67  4580.08   290.60   344.95   268.99     3.41    48.99   100.00    42.25     1.69     1.00   100.00   122.22     0.00     1.32     1.00  2997.18 
    0 2017  0     182.14     3.52     0.00  2774.22     2.23 230282.59 230282.59 22211.57  4646.76   290.71   345.00   270.74     3.42    48.93   100.00    42.25     1.69     1.00   100.00   123.28     0.00     1.29     1.00  2962.11 
    0 2018  0     178.60     2.90     0.00  2745.45     1.99 233211.53 233211.53 22139.02  4705.28   290.82   345.03   272.46     3.43    48.88   100.00    42.25     1.69     1.00   100.00   124.33     0.00     1.26     1.00  2928.94 
    0 2019  0     175.25     3.56     0.00  2724.49     2.43 236117.26 236117.26 22088.58  4762.49   290.95   345.07   274.15     3.43    48.94   100.00    42.25     1.69     1.00   100.00   125.37     0.00     1.23     1.00  2905.73 
    0 2020  0     173.02     2.76     0.00  2710.81     2.51 239006.36 239006.36 22040.04  4814.46   291.09   345.09   275.82     3.44    49.05   100.00    42.25     1.69     1.00   100.00   126.40     0.00     1.21     1.00  2889.10 
    0 2021  0     168.62     3.05     0.00  2689.28     2.23 241869.54 241869.54 22011.20  4854.11   291.24   345.10   277.47     3.44    49.18   100.00    42.25     1.69     1.00   100.00   127.42     0.00     1.18     1.00  2863.18 
    0 2022  0     166.44     3.21     0.00  2684.02     2.33 244725.54 244725.54 21986.89  4891.09   291.40   345.10   279.10     3.45    49.36   100.00    42.25     1.69     1.00   100.00   128.44     0.00     1.17     1.00  2856.00 
    0 2023  0     163.81     2.65     0.00  2666.50     2.32 247560.82 247560.82 21967.60  4924.39   291.57   345.08   280.71     3.45    49.60   100.00    42.25     1.69     1.00   100.00   129.46     0.00     1.15     1.00  2835.28 
    0 2024  0     157.66     3.11     0.00  2651.41     2.14 250375.14 250375.14 21954.98  4954.31   291.75   345.05   282.31     3.46    49.88   100.00    42.25     1.69     1.00   100.00   130.46     0.00     1.12     1.00  2814.32 
    0 2025  0     155.18     2.82     0.00  2646.40     2.30 253181.84 253181.84 21949.35  4974.23   291.94   345.01   283.88     3.46    50.31   100.00    42.25     1.69     1.00   100.00   131.47     0.00     1.11     1.00  2806.70 
    0 2026  0     151.61     2.60     0.00  2635.02     2.74 255973.81 255973.81 21934.60  4989.03   292.15   344.94   285.44     3.47    50.66   100.00    42.25     1.69     1.00   100.00   132.47     0.00     1.09     1.00  2791.97 
    0 2027  0     151.96     3.18     0.00  2635.97     2.54 258767.46 258767.46 21911.24  5007.00   292.36   344.87   287.00     3.47    50.96   100.00    42.25     1.69     1.00   100.00   133.47     0.00     1.08     1.00  2793.65 
    0 2028  0     146.48     2.80     0.00  2629.08     2.45 261548.27 261548.27 21895.16  5012.39   292.59   344.77   288.54     3.47    51.55   100.00    42.25     1.69     1.00   100.00   134.46     0.00     1.06     1.00  2780.81 
    0 2029  0     143.16     2.79     0.00  2615.93     2.42 264312.57 264312.57 21882.44  5013.80   292.82   344.67   290.06     3.48    52.04   100.00    42.25     1.69     1.00   100.00   135.45     0.00     1.05     1.00  2764.30 
    0 2030  0     140.55     3.19     0.00  2609.37     2.68 267068.36 267068.36 21880.57  5006.75   293.07   344.54   291.57     3.48    52.68    99.90    42.21     1.69     1.14    99.99   136.44     0.00     1.03     1.00  2755.79 
